<?xml version="1.0" encoding="UTF-8"?>
<testng-results ignored="0" total="1" passed="1" failed="0" skipped="0">
  <reporter-output>
  </reporter-output>
  <suite started-at="2023-08-29T00:36:20 IST" name="Default suite" finished-at="2023-08-29T00:36:42 IST" duration-ms="22503">
    <groups>
    </groups>
    <test started-at="2023-08-29T00:36:20 IST" name="Default test" finished-at="2023-08-29T00:36:42 IST" duration-ms="22503">
      <class name="Exercise.MainTest">
        <test-method is-config="true" signature="starter()[pri:0, instance:Exercise.MainTest@4d5d943d]" started-at="2023-08-29T00:36:20 IST" name="starter" finished-at="2023-08-29T00:36:41 IST" duration-ms="21907" status="PASS">
          <reporter-output>
          </reporter-output>
        </test-method> <!-- starter -->
        <test-method signature="fun()[pri:0, instance:Exercise.MainTest@4d5d943d]" started-at="2023-08-29T00:36:42 IST" name="fun" finished-at="2023-08-29T00:36:42 IST" duration-ms="414" status="PASS">
          <reporter-output>
          </reporter-output>
        </test-method> <!-- fun -->
        <test-method is-config="true" signature="finisher()[pri:0, instance:Exercise.MainTest@4d5d943d]" started-at="2023-08-29T00:36:42 IST" name="finisher" finished-at="2023-08-29T00:36:42 IST" duration-ms="153" status="PASS">
          <reporter-output>
          </reporter-output>
        </test-method> <!-- finisher -->
      </class> <!-- Exercise.MainTest -->
    </test> <!-- Default test -->
  </suite> <!-- Default suite -->
</testng-results>
